<?xml version="1.0" encoding="utf-8"?><testsuites name="pytest tests"><testsuite name="pytest" errors="0" failures="0" skipped="0" tests="35" time="14.637" timestamp="2026-02-28T12:50:07.638413+00:00" hostname="agent-env-210affd8-54ba-46f5-93d3-dec28ce0fe4d"><testcase classname="backend.tests.test_admin_learning_activities.TestAuthenticationRequired" name="test_learning_activities_get_requires_auth" time="0.343" /><testcase classname="backend.tests.test_admin_learning_activities.TestAuthenticationRequired" name="test_learning_activities_by_substrand_requires_auth" time="1.696" /><testcase classname="backend.tests.test_admin_learning_activities.TestAuthenticationRequired" name="test_learning_activities_post_requires_auth" time="0.048" /><testcase classname="backend.tests.test_admin_learning_activities.TestAuthenticationRequired" name="test_learning_activities_upsert_requires_auth" time="0.047" /><testcase classname="backend.tests.test_admin_learning_activities.TestAuthenticationRequired" name="test_admin_grades_requires_auth" time="0.049" /><testcase classname="backend.tests.test_admin_learning_activities.TestAuthenticationRequired" name="test_admin_subjects_requires_auth" time="0.049" /><testcase classname="backend.tests.test_admin_learning_activities.TestAuthenticationRequired" name="test_admin_strands_requires_auth" time="0.050" /><testcase classname="backend.tests.test_admin_learning_activities.TestAuthenticationRequired" name="test_admin_substrands_requires_auth" time="0.049" /><testcase classname="backend.tests.test_admin_learning_activities.TestAuthenticationRequired" name="test_admin_slos_requires_auth" time="0.046" /><testcase classname="backend.tests.test_admin_learning_activities.TestLearningActivitiesDatabase" name="test_learning_activities_collection_exists" time="0.206" /><testcase classname="backend.tests.test_admin_learning_activities.TestLearningActivitiesDatabase" name="test_learning_activity_structure" time="0.204" /><testcase classname="backend.tests.test_admin_learning_activities.TestLearningActivitiesDatabase" name="test_create_learning_activity" time="0.618" /><testcase classname="backend.tests.test_admin_learning_activities.TestLearningActivitiesDatabase" name="test_upsert_learning_activity" time="0.831" /><testcase classname="backend.tests.test_admin_learning_activities.TestLearningActivitiesDatabase" name="test_get_by_substrand_exists" time="0.409" /><testcase classname="backend.tests.test_admin_learning_activities.TestLearningActivitiesDatabase" name="test_get_by_substrand_not_exists" time="0.204" /><testcase classname="backend.tests.test_admin_learning_activities.TestLearningActivitiesDatabase" name="test_delete_learning_activity" time="0.820" /><testcase classname="backend.tests.test_admin_learning_activities.TestGradesCRUD" name="test_grades_exist" time="0.204" /><testcase classname="backend.tests.test_admin_learning_activities.TestGradesCRUD" name="test_create_grade" time="0.414" /><testcase classname="backend.tests.test_admin_learning_activities.TestGradesCRUD" name="test_update_grade" time="0.823" /><testcase classname="backend.tests.test_admin_learning_activities.TestSubjectsCRUD" name="test_subjects_exist" time="0.205" /><testcase classname="backend.tests.test_admin_learning_activities.TestSubjectsCRUD" name="test_create_subject" time="0.623" /><testcase classname="backend.tests.test_admin_learning_activities.TestStrandsCRUD" name="test_strands_exist" time="0.205" /><testcase classname="backend.tests.test_admin_learning_activities.TestStrandsCRUD" name="test_create_strand" time="0.619" /><testcase classname="backend.tests.test_admin_learning_activities.TestStrandsCRUD" name="test_filter_strands_by_subject" time="0.408" /><testcase classname="backend.tests.test_admin_learning_activities.TestSubstrandsCRUD" name="test_substrands_exist" time="0.205" /><testcase classname="backend.tests.test_admin_learning_activities.TestSubstrandsCRUD" name="test_create_substrand" time="0.621" /><testcase classname="backend.tests.test_admin_learning_activities.TestSubstrandsCRUD" name="test_filter_substrands_by_strand" time="0.408" /><testcase classname="backend.tests.test_admin_learning_activities.TestSLOsCRUD" name="test_slos_exist" time="0.205" /><testcase classname="backend.tests.test_admin_learning_activities.TestSLOsCRUD" name="test_create_slo" time="0.617" /><testcase classname="backend.tests.test_admin_learning_activities.TestSLOsCRUD" name="test_filter_slos_by_substrand" time="0.409" /><testcase classname="backend.tests.test_admin_learning_activities.TestEndpointRouteValidation" name="test_api_docs_available" time="0.057" /><testcase classname="backend.tests.test_admin_learning_activities.TestEndpointRouteValidation" name="test_health_endpoint" time="0.251" /><testcase classname="backend.tests.test_admin_learning_activities.TestEndpointRouteValidation" name="test_invalid_admin_endpoint_returns_404" time="0.052" /><testcase classname="backend.tests.test_admin_learning_activities.TestLearningActivityDataValidation" name="test_invalid_substrand_id_format" time="0.050" /><testcase classname="backend.tests.test_admin_learning_activities.TestLearningActivityDataValidation" name="test_empty_activities_arrays" time="2.251" /></testsuite></testsuites>